fatal: destination path 'CMAQ_REPO_v54+' already exists and is not an empty directory.
downloaded CMAQ
mkdir: created directory '/shared/build/openmpi_gcc'
mkdir: created directory '/shared/build/openmpi_gcc/CMAQ_v54+'
mkdir: created directory '/shared/build/openmpi_gcc/CMAQ_v54+/CCTM'
mkdir: created directory '/shared/build/openmpi_gcc/CMAQ_v54+/CCTM/scripts'
mkdir: created directory '/shared/build/openmpi_gcc/CMAQ_v54+/UTIL'
mkdir: created directory '/shared/build/openmpi_gcc/CMAQ_v54+/UTIL/jproc'
mkdir: created directory '/shared/build/openmpi_gcc/CMAQ_v54+/UTIL/jproc/scripts'
mkdir: created directory '/shared/build/openmpi_gcc/CMAQ_v54+/UTIL/chemmech'
mkdir: created directory '/shared/build/openmpi_gcc/CMAQ_v54+/UTIL/chemmech/scripts'
mkdir: created directory '/shared/build/openmpi_gcc/CMAQ_v54+/UTIL/chemmech/input'
mkdir: created directory '/shared/build/openmpi_gcc/CMAQ_v54+/UTIL/chemmech/output'
mkdir: created directory '/shared/build/openmpi_gcc/CMAQ_v54+/UTIL/inline_phot_preproc'
mkdir: created directory '/shared/build/openmpi_gcc/CMAQ_v54+/UTIL/inline_phot_preproc/scripts'
mkdir: created directory '/shared/build/openmpi_gcc/CMAQ_v54+/UTIL/inline_phot_preproc/input'
mkdir: created directory '/shared/build/openmpi_gcc/CMAQ_v54+/UTIL/inline_phot_preproc/output'
mkdir: created directory '/shared/build/openmpi_gcc/CMAQ_v54+/UTIL/create_ebi'
mkdir: created directory '/shared/build/openmpi_gcc/CMAQ_v54+/UTIL/create_ebi/scripts'
mkdir: created directory '/shared/build/openmpi_gcc/CMAQ_v54+/UTIL/create_ebi/input'
mkdir: created directory '/shared/build/openmpi_gcc/CMAQ_v54+/UTIL/create_ebi/output'
mkdir: created directory '/shared/build/openmpi_gcc/CMAQ_v54+/PREP'
mkdir: created directory '/shared/build/openmpi_gcc/CMAQ_v54+/PREP/bcon'
mkdir: created directory '/shared/build/openmpi_gcc/CMAQ_v54+/PREP/bcon/scripts'
mkdir: created directory '/shared/build/openmpi_gcc/CMAQ_v54+/PREP/icon'
mkdir: created directory '/shared/build/openmpi_gcc/CMAQ_v54+/PREP/icon/scripts'
mkdir: created directory '/shared/build/openmpi_gcc/CMAQ_v54+/PREP/mcip'
mkdir: created directory '/shared/build/openmpi_gcc/CMAQ_v54+/PREP/mcip/scripts'
mkdir: created directory '/shared/build/openmpi_gcc/CMAQ_v54+/PREP/mcip/src'
mkdir: created directory '/shared/build/openmpi_gcc/CMAQ_v54+/PREP/create_omi'
mkdir: created directory '/shared/build/openmpi_gcc/CMAQ_v54+/PREP/create_omi/scripts'
mkdir: created directory '/shared/build/openmpi_gcc/CMAQ_v54+/POST'
mkdir: created directory '/shared/build/openmpi_gcc/CMAQ_v54+/POST/combine'
mkdir: created directory '/shared/build/openmpi_gcc/CMAQ_v54+/POST/combine/scripts'
mkdir: created directory '/shared/build/openmpi_gcc/CMAQ_v54+/POST/calc_tmetric'
mkdir: created directory '/shared/build/openmpi_gcc/CMAQ_v54+/POST/calc_tmetric/scripts'
mkdir: created directory '/shared/build/openmpi_gcc/CMAQ_v54+/POST/hr2day'
mkdir: created directory '/shared/build/openmpi_gcc/CMAQ_v54+/POST/hr2day/scripts'
mkdir: created directory '/shared/build/openmpi_gcc/CMAQ_v54+/POST/sitecmp'
mkdir: created directory '/shared/build/openmpi_gcc/CMAQ_v54+/POST/sitecmp/scripts'
mkdir: created directory '/shared/build/openmpi_gcc/CMAQ_v54+/POST/sitecmp_dailyo3'
mkdir: created directory '/shared/build/openmpi_gcc/CMAQ_v54+/POST/sitecmp_dailyo3/scripts'
mkdir: created directory '/shared/build/openmpi_gcc/CMAQ_v54+/POST/writesite'
mkdir: created directory '/shared/build/openmpi_gcc/CMAQ_v54+/POST/writesite/scripts'
Configuration and Run Scripts have been Extracted and placed in: /shared/build/openmpi_gcc/CMAQ_v54+
You may now edit these scripts to conform to your system and run options.
Compiler is set to gcc
setenv CCTM_SRC /shared/build/CMAQ_REPO_v54+/CCTM/src
set GlobInc = /shared/build/CMAQ_REPO_v54+/CCTM/src/ICL
set Mechs = /shared/build/CMAQ_REPO_v54+/CCTM/src/MECHS
setenv REPOROOT /shared/build/CMAQ_REPO_v54+/CCTM/src
set CompileBLDMAKE
set CopySrc
set ParOpt
set make_options = -j
if ( 0 ) then
if ( 0 ) then
set VRSN = v54
endif
set EXEC = CCTM_v54.exe
set CFG = CCTM_v54.cfg
if ( 0 ) then
set ModGrid = grid/cartesian
set DepMod = m3dry
set ModAdv = wrf_cons
set ModHdiff = hdiff/multiscale
set ModVdiff = vdiff/acm2_m3dry
set ModDepv = depv/m3dry
set ModEmis = emis/emis
set ModBiog = biog/beis4
set ModMegBiog = biog/megan3
set ModPlmrs = plrise/smoke
set ModCgrds = spcs/cgrid_spcs_nml
set ModPhot = phot/inline
setenv Mechanism cb6r5_ae7_aq
set ModMech = MECHS/cb6r5_ae7_aq
if ( cb6r5_ae7_aq =~ *ae7* ) then
set ModAero = aero/aero7
set ModCloud = cloud/acm_ae7
else if ( cb6r5_ae7_aq =~ *ae6* ) then
if ( cb6r5_ae7_aq == cb6r5_ae7_aqkmt2 ) then
if ( cb6r5_ae7_aq == saprc07tic_ae7i_aqkmt2 ) then
if ( cb6r5_ae7_aq == cb6r5m_ae7_aq ) then
setenv ChemSolver ebi
endif
if ( ebi == ebi ) then
set ModGas = gas/ebi_cb6r5_ae7_aq
else
set ModUtil = util/util
set ModDiag = diag
set Tracer = trac0
set ModPa = procan/pa
set ModPvO3 = pv_o3
set ModISAM = isam
set ModDDM3D = ddm3d
set ModDegrade = reactive_tracers
setenv FC mpifort
set FP = mpifort
set CC = gcc
setenv BLDER /shared/build/openmpi_gcc/CMAQ_v54+/UTIL/bldmake/bldmake_gcc.exe
set NETCDF = /shared/build/openmpi_gcc/CMAQ_v54+/lib/x86_64/gcc/netcdf/lib -lnetcdf
set NETCDFF = /shared/build/openmpi_gcc/CMAQ_v54+/lib/x86_64/gcc/netcdff/lib -lnetcdff
set PNETCDF = /shared/build/openmpi_gcc/CMAQ_v54+/lib/x86_64/gcc/pnetcdf/lib -lpnetcdf
set FSTD = -O3 -funroll-loops -finit-character=32 -Wtabs -Wsurprising -ftree-vectorize  -ftree-loop-if-convert -finline-limit=512
set DBG = -Wall -O0 -g -fcheck=all -ffpe-trap=invalid,zero,overflow -fbacktrace
setenv F_FLAGS -ffixed-form -ffixed-line-length-132 -funroll-loops -finit-character=32
set F90_FLAGS = -ffree-form -ffree-line-length-none -funroll-loops -finit-character=32
set CPP_FLAGS = 
set C_FLAGS = -O2 -DFLDMN -I
set LINK_FLAGS = -fopenmp
if ( ! -e /shared/build/CMAQ_REPO_v54+ || ! -e /shared/build/openmpi_gcc/CMAQ_v54+/lib/x86_64/gcc ) then
echo     Model repository base path: /shared/build/CMAQ_REPO_v54+
    Model repository base path: /shared/build/CMAQ_REPO_v54+
echo                   library path: /shared/build/openmpi_gcc/CMAQ_v54+/lib/x86_64/gcc
                  library path: /shared/build/openmpi_gcc/CMAQ_v54+/lib/x86_64/gcc
if ( 0 ) then
setenv CMAQ_MODEL /shared/build/CMAQ_REPO_v54+
echo  default Model repository path: /shared/build/CMAQ_REPO_v54+
 default Model repository path: /shared/build/CMAQ_REPO_v54+
endif
set BLD_OS = `uname -s`
uname -s
if ( Linux != Linux ) then
if ( 0 ) then
if ( 0 ) then
set PIO = 
endif
if ( m3dry == m3dry ) then
set cpp_depmod = -Dm3dry_opt
else if ( m3dry == stage ) then
if ( 1 ) then
echo    Parallel; set MPI flags
   Parallel; set MPI flags
set ModStenex = STENEX/se
set ModPario = PARIO
set ModPar = par/mpi
set PARIO = /shared/build/CMAQ_REPO_v54+/PARIO
set STENEX = /shared/build/CMAQ_REPO_v54+/STENEX
set PAR = ( -Dparallel )
set Popt = SE
set seL = se_snl
set LIB2 = -lioapi
set LIB3 = -lmpi 
set Str1 = ( // Parallel / Include message passing definitions )
set Str2 = ( include SUBST_MPI mpif.h ; )
if ( 0 ) then
else
if ( 0 ) then
set SENS = 
endif
if ( 0 ) then
set ModTrac = MECHS/trac0
if ( 0 ) then
set POT = 
endif
if ( 0 ) then
set Bld = /shared/build/openmpi_gcc/CMAQ_v54+/CCTM/scripts/BLD_CCTM_v54_gcc
endif
if ( ! -e /shared/build/openmpi_gcc/CMAQ_v54+/CCTM/scripts/BLD_CCTM_v54_gcc ) then
mkdir /shared/build/openmpi_gcc/CMAQ_v54+/CCTM/scripts/BLD_CCTM_v54_gcc
else
cd /shared/build/openmpi_gcc/CMAQ_v54+/CCTM/scripts/BLD_CCTM_v54_gcc
set ICL_PAR = /shared/build/CMAQ_REPO_v54+/CCTM/src/ICL/fixed/mpi
set ICL_CONST = /shared/build/CMAQ_REPO_v54+/CCTM/src/ICL/fixed/const
set ICL_FILES = /shared/build/CMAQ_REPO_v54+/CCTM/src/ICL/fixed/filenames
set ICL_EMCTL = /shared/build/CMAQ_REPO_v54+/CCTM/src/ICL/fixed/emctrl
if ( 1 ) then
set ICL_MPI = .
endif
if ( 1 ) then
/bin/cp -fp /shared/build/CMAQ_REPO_v54+/CCTM/src/ICL/fixed/mpi/PE_COMM.EXT /shared/build/openmpi_gcc/CMAQ_v54+/CCTM/scripts/BLD_CCTM_v54_gcc
/bin/cp -fp /shared/build/CMAQ_REPO_v54+/CCTM/src/ICL/fixed/const/CONST.EXT /shared/build/openmpi_gcc/CMAQ_v54+/CCTM/scripts/BLD_CCTM_v54_gcc
/bin/cp -fp /shared/build/CMAQ_REPO_v54+/CCTM/src/ICL/fixed/filenames/FILES_CTM.EXT /shared/build/openmpi_gcc/CMAQ_v54+/CCTM/scripts/BLD_CCTM_v54_gcc
/bin/cp -fp /shared/build/CMAQ_REPO_v54+/CCTM/src/ICL/fixed/emctrl/EMISPRM.EXT /shared/build/openmpi_gcc/CMAQ_v54+/CCTM/scripts/BLD_CCTM_v54_gcc
if ( 1 ) then
/bin/cp -fp ./mpif.h /shared/build/openmpi_gcc/CMAQ_v54+/CCTM/scripts/BLD_CCTM_v54_gcc
/bin/cp: cannot stat './mpif.h': No such file or directory
endif
set ICL_PAR = .
set ICL_CONST = .
set ICL_FILES = .
set ICL_EMCTL = .
if ( 1 ) then
set ICL_MPI = .
endif
endif
set STX1 = ( -DSUBST_BARRIER=SE_BARRIER -DSUBST_GLOBAL_MAX=SE_GLOBAL_MAX -DSUBST_GLOBAL_MIN=SE_GLOBAL_MIN -DSUBST_GLOBAL_MIN_DATA=SE_GLOBAL_MIN_DATA -DSUBST_GLOBAL_TO_LOCAL_COORD=SE_GLOBAL_TO_LOCAL_COORD -DSUBST_GLOBAL_SUM=SE_GLOBAL_SUM -DSUBST_GLOBAL_LOGICAL=SE_GLOBAL_LOGICAL -DSUBST_GLOBAL_GATHER=SE_GLOBAL_GATHER -DSUBST_GLOBAL_BCAST=SE_GLOBAL_BCAST -DSUBST_LOOP_INDEX=SE_LOOP_INDEX -DSUBST_SUBGRID_INDEX=SE_SUBGRID_INDEX )
set STX2 = ( -DSUBST_HI_LO_BND_PE=SE_HI_LO_BND_PE -DSUBST_SUM_CHK=SE_SUM_CHK -DSUBST_SE_INIT=SE_INIT -DSUBST_INIT_ARRAY=SE_INIT_ARRAY -DSUBST_COMM=SE_COMM -DSUBST_MY_REGION=SE_MY_REGION -DSUBST_SLICE=SE_SLICE -DSUBST_GATHER=SE_GATHER -DSUBST_DATA_COPY=SE_DATA_COPY -DSUBST_IN_SYN=SE_IN_SYN )
if ( wrf_cons == wrf_cons ) then
set ModCpl = couple/gencoor_wrf_cons
set ModHadv = hadv/ppm
set ModVadv = vadv/wrf_cons
else if ( wrf_cons == local_cons ) then
set shaID = `git --git-dir=${CMAQ_REPO}/.git rev-parse --short=10 HEAD`
git --git-dir=/shared/build/CMAQ_REPO_v54+/.git rev-parse --short=10 HEAD
Illegal variable name.
cp: No match.
